<?xml version="1.0" encoding="UTF-8"?>
<!-- Generated by org.testng.reporters.JUnitXMLReporter -->
<testsuite hostname="DESKTOP-NNSFGLU" ignored="0" name="Default test" tests="3" failures="0" timestamp="2020-06-15T17:23:35 IST" time="27.467" errors="0">
  <testcase name="login" time="11.23" classname="testCase.LoginTest"/>
  <testcase name="login" time="7.889" classname="testCase.LoginTest"/>
  <testcase name="login" time="7.85" classname="testCase.LoginTest"/>
</testsuite> <!-- Default test -->
