<?xml version="1.0" encoding="UTF-8"?>
<!-- Generated by org.testng.reporters.JUnitXMLReporter -->
<testsuite hostname="DESKTOP-NNSFGLU" ignored="0" name="Default test" tests="3" failures="0" timestamp="2020-06-12T03:17:08 IST" time="37.548" errors="0">
  <testcase name="login" time="15.054" classname="testCase.LoginTest"/>
  <testcase name="login" time="10.765" classname="testCase.LoginTest"/>
  <testcase name="login" time="10.329" classname="testCase.LoginTest"/>
</testsuite> <!-- Default test -->
