<?xml version="1.0" encoding="UTF-8"?>
<!-- Generated by org.testng.reporters.JUnitXMLReporter -->
<testsuite hostname="DESKTOP-NNSFGLU" ignored="0" name="Test2" tests="3" failures="0" timestamp="2020-05-08T04:24:56 IST" time="8.755" errors="0">
  <testcase name="getHompage" time="2.147" classname="testCase.DemoTest"/>
  <testcase name="getLinkcount" time="0.06" classname="testCase.DemoTest"/>
  <testcase name="clickLogin" time="6.532" classname="testCase.DemoTest"/>
</testsuite> <!-- Test2 -->
