<?xml version="1.0" encoding="UTF-8"?>
<!-- Generated by org.testng.reporters.JUnitXMLReporter -->
<testsuite hostname="DESKTOP-NNSFGLU" ignored="0" name="Timepass2" tests="3" failures="1" timestamp="2020-05-18T04:03:41 IST" time="6.59" errors="0">
  <testcase name="getHompage" time="2.067" classname="testCase.DemoTest"/>
  <testcase name="getLinkcount" time="0.079" classname="testCase.DemoTest"/>
  <testcase name="clickLogin" time="0.008" classname="testCase.DemoTest">
    <failure type="java.lang.NullPointerException">
      <![CDATA[java.lang.NullPointerException
at org.openqa.selenium.support.pagefactory.DefaultElementLocator.findElement(DefaultElementLocator.java:70)
at org.openqa.selenium.support.pagefactory.internal.LocatingElementHandler.invoke(LocatingElementHandler.java:39)
at com.sun.proxy.$Proxy15.click(Unknown Source)
at reusable.LoginReuseable.clickHeaderLogin(LoginReuseable.java:26)
at testCase.DemoTest.clickLogin(DemoTest.java:53)
at java.util.ArrayList.forEach(ArrayList.java:1257)
at java.util.concurrent.FutureTask.run(FutureTask.java:266)
at java.util.concurrent.ThreadPoolExecutor.runWorker(ThreadPoolExecutor.java:1149)
at java.util.concurrent.ThreadPoolExecutor$Worker.run(ThreadPoolExecutor.java:624)
at java.lang.Thread.run(Thread.java:748)
... Removed 18 stack frames]]>
    </failure>
  </testcase> <!-- clickLogin -->
</testsuite> <!-- Timepass2 -->
