<?xml version="1.0" encoding="UTF-8"?>
<!-- Generated by org.testng.reporters.JUnitXMLReporter -->
<testsuite hostname="DESKTOP-NNSFGLU" ignored="0" name="Test2" tests="3" failures="0" timestamp="08 May 2020 00:03:52 GMT" time="12.572" errors="0">
  <testcase name="getHompage" time="2.338" classname="testCase.DemoTest"/>
  <testcase name="getLinkcount" time="0.103" classname="testCase.DemoTest"/>
  <testcase name="clickLogin" time="6.188" classname="testCase.DemoTest"/>
</testsuite> <!-- Test2 -->
