<?xml version="1.0" encoding="UTF-8"?>
<!-- Generated by org.testng.reporters.JUnitXMLReporter -->
<testsuite hostname="DESKTOP-NNSFGLU" ignored="0" name="Test" tests="6" failures="0" timestamp="06 May 2020 00:14:14 GMT" time="34.276" errors="0">
  <testcase name="login" time="8.755" classname="testCase.LoginTest"/>
  <testcase name="login" time="6.807" classname="testCase.LoginTest"/>
  <testcase name="login" time="6.692" classname="testCase.LoginTest"/>
  <testcase name="getHompage" time="1.562" classname="testCase.DemoTest"/>
  <testcase name="getLinkcount" time="0.055" classname="testCase.DemoTest"/>
  <testcase name="clickLogin" time="5.621" classname="testCase.DemoTest"/>
</testsuite> <!-- Test -->
