<?xml version="1.0" encoding="UTF-8"?>
<!-- Generated by org.testng.reporters.JUnitXMLReporter -->
<testsuite hostname="DESKTOP-NNSFGLU" ignored="0" name="Timepass2" tests="3" failures="0" timestamp="2020-05-19T04:02:45 IST" time="13.825" errors="0">
  <testcase name="getHompage" time="2.416" classname="testCase.DemoTest"/>
  <testcase name="getLinkcount" time="0.053" classname="testCase.DemoTest"/>
  <testcase name="clickLogin" time="6.541" classname="testCase.DemoTest"/>
</testsuite> <!-- Timepass2 -->
