<?xml version="1.0" encoding="UTF-8"?>
<testsuite xmlns:xsi="http://www.w3.org/2001/XMLSchema-instance" xsi:noNamespaceSchemaLocation="https://maven.apache.org/surefire/maven-surefire-plugin/xsd/surefire-test-report-3.0.xsd" version="3.0" name="TestSuite" time="49.388" tests="6" errors="0" skipped="0" failures="3">
  <properties>
[...]
</properties>
  <testcase name="login" classname="testCase.LoginTest" time="9.673">
    <failure type="java.lang.NullPointerException"><![CDATA[java.lang.NullPointerException
	at testCase.LoginTest.login(LoginTest.java:44)
]]></failure>
    <system-out><![CDATA[04:02:14.923 [TestNG-tests-1] ERROR configurations.Log - Test Case null failed
]]></system-out>
    <system-err><![CDATA[Starting ChromeDriver 81.0.4044.69 (6813546031a4bc83f717a2ef7cd4ac6ec1199132-refs/branch-heads/4044@{#776}) on port 8740
Only local connections are allowed.
Please protect ports used by ChromeDriver and related test frameworks to prevent access by malicious code.
May 19, 2020 4:02:03 AM org.openqa.selenium.remote.ProtocolHandshake createSession
INFO: Detected dialect: W3C
ERROR StatusLogger No Log4j 2 configuration file found. Using default configuration (logging only errors to the console), or user programmatically provided configurations. Set system property 'log4j2.debug' to show Log4j 2 internal initialization logging. See https://logging.apache.org/log4j/2.x/manual/configuration.html for instructions on how to configure Log4j 2
[1589841125.715][SEVERE]: Timed out receiving message from renderer: 0.100
[1589841125.828][SEVERE]: Timed out receiving message from renderer: 0.100
[1589841126.556][SEVERE]: Timed out receiving message from renderer: 0.100
[1589841126.901][SEVERE]: Timed out receiving message from renderer: 0.100
[1589841127.630][SEVERE]: Timed out receiving message from renderer: 0.100
[1589841131.851][SEVERE]: Timed out receiving message from renderer: 0.100
[1589841131.953][SEVERE]: Timed out receiving message from renderer: 0.100
[1589841132.055][SEVERE]: Timed out receiving message from renderer: 0.100
[1589841132.157][SEVERE]: Timed out receiving message from renderer: 0.100
[1589841132.259][SEVERE]: Timed out receiving message from renderer: 0.100
[1589841132.361][SEVERE]: Timed out receiving message from renderer: 0.100
[1589841132.463][SEVERE]: Timed out receiving message from renderer: 0.100
[1589841132.640][SEVERE]: Timed out receiving message from renderer: 0.100
[1589841132.742][SEVERE]: Timed out receiving message from renderer: 0.100
[1589841132.845][SEVERE]: Timed out receiving message from renderer: 0.100
[1589841132.947][SEVERE]: Timed out receiving message from renderer: 0.100
[1589841133.049][SEVERE]: Timed out receiving message from renderer: 0.100
[1589841133.153][SEVERE]: Timed out receiving message from renderer: 0.100
java.lang.NullPointerException
	at org.openqa.selenium.support.pagefactory.DefaultElementLocator.findElement(DefaultElementLocator.java:70)
	at org.openqa.selenium.support.pagefactory.internal.LocatingElementHandler.invoke(LocatingElementHandler.java:39)
	at com.sun.proxy.$Proxy14.sendKeys(Unknown Source)
	at reusable.LoginReuseable.loginMethod(LoginReuseable.java:68)
	at testCase.LoginTest.login(LoginTest.java:44)
	at sun.reflect.NativeMethodAccessorImpl.invoke0(Native Method)
	at sun.reflect.NativeMethodAccessorImpl.invoke(NativeMethodAccessorImpl.java:62)
	at sun.reflect.DelegatingMethodAccessorImpl.invoke(DelegatingMethodAccessorImpl.java:43)
	at java.lang.reflect.Method.invoke(Method.java:498)
	at org.testng.internal.MethodInvocationHelper.invokeMethod(MethodInvocationHelper.java:134)
	at org.testng.internal.TestInvoker.invokeMethod(TestInvoker.java:597)
	at org.testng.internal.TestInvoker.invokeTestMethod(TestInvoker.java:173)
	at org.testng.internal.MethodRunner.runInSequence(MethodRunner.java:46)
	at org.testng.internal.TestInvoker$MethodInvocationAgent.invoke(TestInvoker.java:816)
	at org.testng.internal.TestInvoker.invokeTestMethods(TestInvoker.java:146)
	at org.testng.internal.TestMethodWorker.invokeTestMethods(TestMethodWorker.java:146)
	at org.testng.internal.TestMethodWorker.run(TestMethodWorker.java:128)
	at java.util.ArrayList.forEach(ArrayList.java:1257)
	at org.testng.TestRunner.privateRun(TestRunner.java:766)
	at org.testng.TestRunner.run(TestRunner.java:587)
	at org.testng.SuiteRunner.runTest(SuiteRunner.java:384)
	at org.testng.SuiteRunner.access$000(SuiteRunner.java:28)
	at org.testng.SuiteRunner$SuiteWorker.run(SuiteRunner.java:425)
	at org.testng.internal.thread.ThreadUtil.lambda$execute$0(ThreadUtil.java:68)
	at java.util.concurrent.FutureTask.run(FutureTask.java:266)
	at java.util.concurrent.ThreadPoolExecutor.runWorker(ThreadPoolExecutor.java:1149)
	at java.util.concurrent.ThreadPoolExecutor$Worker.run(ThreadPoolExecutor.java:624)
	at java.lang.Thread.run(Thread.java:748)
]]></system-err>
  </testcase>
  <testcase name="login" classname="testCase.LoginTest" time="6.536">
    <failure type="java.lang.NullPointerException"><![CDATA[java.lang.NullPointerException
	at testCase.LoginTest.login(LoginTest.java:44)
]]></failure>
    <system-out><![CDATA[04:02:21.517 [TestNG-tests-1] ERROR configurations.Log - Test Case null failed
]]></system-out>
    <system-err><![CDATA[[1589841135.139][SEVERE]: Timed out receiving message from renderer: 0.100
[1589841135.384][SEVERE]: Timed out receiving message from renderer: 0.100
[1589841136.175][SEVERE]: Timed out receiving message from renderer: 0.100
[1589841140.299][SEVERE]: Timed out receiving message from renderer: 0.100
[1589841140.404][SEVERE]: Timed out receiving message from renderer: 0.100
[1589841140.508][SEVERE]: Timed out receiving message from renderer: 0.100
[1589841140.613][SEVERE]: Timed out receiving message from renderer: 0.100
java.lang.NullPointerException
	at org.openqa.selenium.support.pagefactory.DefaultElementLocator.findElement(DefaultElementLocator.java:70)
	at org.openqa.selenium.support.pagefactory.internal.LocatingElementHandler.invoke(LocatingElementHandler.java:39)
	at com.sun.proxy.$Proxy14.sendKeys(Unknown Source)
	at reusable.LoginReuseable.loginMethod(LoginReuseable.java:68)
	at testCase.LoginTest.login(LoginTest.java:44)
	at sun.reflect.NativeMethodAccessorImpl.invoke0(Native Method)
	at sun.reflect.NativeMethodAccessorImpl.invoke(NativeMethodAccessorImpl.java:62)
	at sun.reflect.DelegatingMethodAccessorImpl.invoke(DelegatingMethodAccessorImpl.java:43)
	at java.lang.reflect.Method.invoke(Method.java:498)
	at org.testng.internal.MethodInvocationHelper.invokeMethod(MethodInvocationHelper.java:134)
	at org.testng.internal.TestInvoker.invokeMethod(TestInvoker.java:597)
	at org.testng.internal.TestInvoker.invokeTestMethod(TestInvoker.java:173)
	at org.testng.internal.MethodRunner.runInSequence(MethodRunner.java:46)
	at org.testng.internal.TestInvoker$MethodInvocationAgent.invoke(TestInvoker.java:816)
	at org.testng.internal.TestInvoker.invokeTestMethods(TestInvoker.java:146)
	at org.testng.internal.TestMethodWorker.invokeTestMethods(TestMethodWorker.java:146)
	at org.testng.internal.TestMethodWorker.run(TestMethodWorker.java:128)
	at java.util.ArrayList.forEach(ArrayList.java:1257)
	at org.testng.TestRunner.privateRun(TestRunner.java:766)
	at org.testng.TestRunner.run(TestRunner.java:587)
	at org.testng.SuiteRunner.runTest(SuiteRunner.java:384)
	at org.testng.SuiteRunner.access$000(SuiteRunner.java:28)
	at org.testng.SuiteRunner$SuiteWorker.run(SuiteRunner.java:425)
	at org.testng.internal.thread.ThreadUtil.lambda$execute$0(ThreadUtil.java:68)
	at java.util.concurrent.FutureTask.run(FutureTask.java:266)
	at java.util.concurrent.ThreadPoolExecutor.runWorker(ThreadPoolExecutor.java:1149)
	at java.util.concurrent.ThreadPoolExecutor$Worker.run(ThreadPoolExecutor.java:624)
	at java.lang.Thread.run(Thread.java:748)
]]></system-err>
  </testcase>
  <testcase name="login" classname="testCase.LoginTest" time="6.268">
    <failure type="java.lang.NullPointerException"><![CDATA[java.lang.NullPointerException
	at testCase.LoginTest.login(LoginTest.java:44)
]]></failure>
    <system-out><![CDATA[04:02:27.723 [TestNG-tests-1] ERROR configurations.Log - Test Case null failed
]]></system-out>
    <system-err><![CDATA[[1589841142.582][SEVERE]: Timed out receiving message from renderer: 0.100
[1589841142.779][SEVERE]: Timed out receiving message from renderer: 0.100
[1589841146.651][SEVERE]: Timed out receiving message from renderer: 0.100
[1589841146.754][SEVERE]: Timed out receiving message from renderer: 0.100
java.lang.NullPointerException
	at org.openqa.selenium.support.pagefactory.DefaultElementLocator.findElement(DefaultElementLocator.java:70)
	at org.openqa.selenium.support.pagefactory.internal.LocatingElementHandler.invoke(LocatingElementHandler.java:39)
	at com.sun.proxy.$Proxy14.sendKeys(Unknown Source)
	at reusable.LoginReuseable.loginMethod(LoginReuseable.java:68)
	at testCase.LoginTest.login(LoginTest.java:44)
	at sun.reflect.NativeMethodAccessorImpl.invoke0(Native Method)
	at sun.reflect.NativeMethodAccessorImpl.invoke(NativeMethodAccessorImpl.java:62)
	at sun.reflect.DelegatingMethodAccessorImpl.invoke(DelegatingMethodAccessorImpl.java:43)
	at java.lang.reflect.Method.invoke(Method.java:498)
	at org.testng.internal.MethodInvocationHelper.invokeMethod(MethodInvocationHelper.java:134)
	at org.testng.internal.TestInvoker.invokeMethod(TestInvoker.java:597)
	at org.testng.internal.TestInvoker.invokeTestMethod(TestInvoker.java:173)
	at org.testng.internal.MethodRunner.runInSequence(MethodRunner.java:46)
	at org.testng.internal.TestInvoker$MethodInvocationAgent.invoke(TestInvoker.java:816)
	at org.testng.internal.TestInvoker.invokeTestMethods(TestInvoker.java:146)
	at org.testng.internal.TestMethodWorker.invokeTestMethods(TestMethodWorker.java:146)
	at org.testng.internal.TestMethodWorker.run(TestMethodWorker.java:128)
	at java.util.ArrayList.forEach(ArrayList.java:1257)
	at org.testng.TestRunner.privateRun(TestRunner.java:766)
	at org.testng.TestRunner.run(TestRunner.java:587)
	at org.testng.SuiteRunner.runTest(SuiteRunner.java:384)
	at org.testng.SuiteRunner.access$000(SuiteRunner.java:28)
	at org.testng.SuiteRunner$SuiteWorker.run(SuiteRunner.java:425)
	at org.testng.internal.thread.ThreadUtil.lambda$execute$0(ThreadUtil.java:68)
	at java.util.concurrent.FutureTask.run(FutureTask.java:266)
	at java.util.concurrent.ThreadPoolExecutor.runWorker(ThreadPoolExecutor.java:1149)
	at java.util.concurrent.ThreadPoolExecutor$Worker.run(ThreadPoolExecutor.java:624)
	at java.lang.Thread.run(Thread.java:748)
]]></system-err>
  </testcase>
  <testcase name="getHompage" classname="testCase.DemoTest" time="2.415"/>
  <testcase name="getLinkcount" classname="testCase.DemoTest" time="0.072"/>
  <testcase name="clickLogin" classname="testCase.DemoTest" time="6.524"/>
</testsuite>