<?xml version="1.0" encoding="UTF-8"?>
<testng-results skipped="0" failed="0" ignored="0" total="3" passed="3">
  <reporter-output>
  </reporter-output>
  <suite name="Default suite" duration-ms="27981" started-at="2020-06-15T13:54:32 IST" finished-at="2020-06-15T13:55:00 IST">
    <groups>
    </groups>
    <test name="Default test" duration-ms="27981" started-at="2020-06-15T13:54:32 IST" finished-at="2020-06-15T13:55:00 IST">
      <class name="testCase.LoginTest">
        <test-method status="PASS" signature="login(java.lang.String, java.lang.String)[pri:0, instance:testCase.LoginTest@3e7dd664]" name="login" duration-ms="11017" started-at="2020-06-15T13:54:33 IST" data-provider="getTestData" finished-at="2020-06-15T13:54:44 IST">
          <params>
            <param index="0">
              <value>
                <![CDATA[abc]]>
              </value>
            </param>
            <param index="1">
              <value>
                <![CDATA[sada]]>
              </value>
            </param>
          </params>
          <reporter-output>
          </reporter-output>
        </test-method> <!-- login -->
        <test-method status="PASS" signature="login(java.lang.String, java.lang.String)[pri:0, instance:testCase.LoginTest@3e7dd664]" name="login" duration-ms="8249" started-at="2020-06-15T13:54:44 IST" data-provider="getTestData" finished-at="2020-06-15T13:54:52 IST">
          <params>
            <param index="0">
              <value>
                <![CDATA[xyz]]>
              </value>
            </param>
            <param index="1">
              <value>
                <![CDATA[fdsfsfsf]]>
              </value>
            </param>
          </params>
          <reporter-output>
          </reporter-output>
        </test-method> <!-- login -->
        <test-method status="PASS" signature="login(java.lang.String, java.lang.String)[pri:0, instance:testCase.LoginTest@3e7dd664]" name="login" duration-ms="8160" started-at="2020-06-15T13:54:52 IST" data-provider="getTestData" finished-at="2020-06-15T13:55:00 IST">
          <params>
            <param index="0">
              <value>
                <![CDATA[lmno]]>
              </value>
            </param>
            <param index="1">
              <value>
                <![CDATA[wrrete]]>
              </value>
            </param>
          </params>
          <reporter-output>
          </reporter-output>
        </test-method> <!-- login -->
        <test-method status="PASS" signature="closeDriver()[pri:0, instance:testCase.LoginTest@3e7dd664]" name="closeDriver" is-config="true" duration-ms="73" started-at="2020-06-15T13:55:00 IST" finished-at="2020-06-15T13:55:00 IST">
          <reporter-output>
          </reporter-output>
        </test-method> <!-- closeDriver -->
      </class> <!-- testCase.LoginTest -->
    </test> <!-- Default test -->
  </suite> <!-- Default suite -->
</testng-results>
